{"D:\\project\\Final-project2\\wismaloka\\server\\services\\users\\app.js": {"path":"D:\\project\\Final-project2\\wismaloka\\server\\services\\users\\app.js","statementMap":{"0":{"start":{"line":1,"column":0},"end":{"line":3,"column":1}},"1":{"start":{"line":2,"column":2},"end":{"line":2,"column":28}},"2":{"start":{"line":4,"column":16},"end":{"line":4,"column":34}},"3":{"start":{"line":5,"column":12},"end":{"line":5,"column":21}},"4":{"start":{"line":6,"column":13},"end":{"line":6,"column":28}},"5":{"start":{"line":7,"column":14},"end":{"line":7,"column":39}},"6":{"start":{"line":8,"column":18},"end":{"line":8,"column":53}},"7":{"start":{"line":11,"column":0},"end":{"line":11,"column":16}},"8":{"start":{"line":12,"column":0},"end":{"line":12,"column":24}},"9":{"start":{"line":13,"column":0},"end":{"line":13,"column":48}},"10":{"start":{"line":14,"column":0},"end":{"line":14,"column":20}},"11":{"start":{"line":16,"column":0},"end":{"line":16,"column":19}},"12":{"start":{"line":20,"column":0},"end":{"line":20,"column":20}}},"fnMap":{},"branchMap":{"0":{"loc":{"start":{"line":1,"column":0},"end":{"line":3,"column":1}},"type":"if","locations":[{"start":{"line":1,"column":0},"end":{"line":3,"column":1}},{"start":{},"end":{}}],"line":1}},"s":{"0":1,"1":1,"2":1,"3":1,"4":1,"5":1,"6":1,"7":1,"8":1,"9":1,"10":1,"11":1,"12":1},"f":{},"b":{"0":[1,0]},"_coverageSchema":"1a1c01bbd47fc00a2c39e90264f33305004495a9","hash":"93a1184837717892c19151c47debc006abaeb441"}
,"D:\\project\\Final-project2\\wismaloka\\server\\services\\users\\controlllers\\userController.js": {"path":"D:\\project\\Final-project2\\wismaloka\\server\\services\\users\\controlllers\\userController.js","statementMap":{"0":{"start":{"line":1,"column":24},"end":{"line":1,"column":52}},"1":{"start":{"line":2,"column":24},"end":{"line":2,"column":49}},"2":{"start":{"line":3,"column":21},"end":{"line":3,"column":59}},"3":{"start":{"line":4,"column":28},"end":{"line":4,"column":54}},"4":{"start":{"line":9,"column":4},"end":{"line":71,"column":5}},"5":{"start":{"line":11,"column":68},"end":{"line":11,"column":76}},"6":{"start":{"line":14,"column":6},"end":{"line":65,"column":7}},"7":{"start":{"line":15,"column":41},"end":{"line":15,"column":49}},"8":{"start":{"line":17,"column":23},"end":{"line":17,"column":59}},"9":{"start":{"line":18,"column":28},"end":{"line":18,"column":43}},"10":{"start":{"line":19,"column":24},"end":{"line":27,"column":10}},"11":{"start":{"line":29,"column":8},"end":{"line":31,"column":11}},"12":{"start":{"line":33,"column":8},"end":{"line":41,"column":11}},"13":{"start":{"line":43,"column":24},"end":{"line":50,"column":10}},"14":{"start":{"line":52,"column":8},"end":{"line":54,"column":11}},"15":{"start":{"line":56,"column":8},"end":{"line":64,"column":11}},"16":{"start":{"line":69,"column":6},"end":{"line":69,"column":25}},"17":{"start":{"line":70,"column":6},"end":{"line":70,"column":18}},"18":{"start":{"line":76,"column":4},"end":{"line":135,"column":5}},"19":{"start":{"line":77,"column":68},"end":{"line":77,"column":76}},"20":{"start":{"line":78,"column":6},"end":{"line":130,"column":7}},"21":{"start":{"line":79,"column":41},"end":{"line":79,"column":49}},"22":{"start":{"line":81,"column":23},"end":{"line":81,"column":59}},"23":{"start":{"line":82,"column":28},"end":{"line":82,"column":43}},"24":{"start":{"line":84,"column":24},"end":{"line":92,"column":10}},"25":{"start":{"line":94,"column":8},"end":{"line":96,"column":11}},"26":{"start":{"line":98,"column":8},"end":{"line":106,"column":11}},"27":{"start":{"line":108,"column":24},"end":{"line":115,"column":10}},"28":{"start":{"line":117,"column":8},"end":{"line":119,"column":11}},"29":{"start":{"line":121,"column":8},"end":{"line":129,"column":11}},"30":{"start":{"line":133,"column":6},"end":{"line":133,"column":25}},"31":{"start":{"line":134,"column":6},"end":{"line":134,"column":18}},"32":{"start":{"line":140,"column":4},"end":{"line":199,"column":5}},"33":{"start":{"line":141,"column":68},"end":{"line":141,"column":76}},"34":{"start":{"line":143,"column":6},"end":{"line":195,"column":7}},"35":{"start":{"line":144,"column":41},"end":{"line":144,"column":49}},"36":{"start":{"line":146,"column":23},"end":{"line":146,"column":59}},"37":{"start":{"line":147,"column":28},"end":{"line":147,"column":43}},"38":{"start":{"line":149,"column":24},"end":{"line":157,"column":10}},"39":{"start":{"line":159,"column":8},"end":{"line":161,"column":11}},"40":{"start":{"line":163,"column":8},"end":{"line":171,"column":11}},"41":{"start":{"line":173,"column":24},"end":{"line":180,"column":10}},"42":{"start":{"line":182,"column":8},"end":{"line":184,"column":11}},"43":{"start":{"line":186,"column":8},"end":{"line":194,"column":11}},"44":{"start":{"line":198,"column":6},"end":{"line":198,"column":18}},"45":{"start":{"line":204,"column":4},"end":{"line":242,"column":5}},"46":{"start":{"line":205,"column":34},"end":{"line":205,"column":42}},"47":{"start":{"line":207,"column":22},"end":{"line":211,"column":8}},"48":{"start":{"line":213,"column":6},"end":{"line":215,"column":7}},"49":{"start":{"line":214,"column":8},"end":{"line":214,"column":44}},"50":{"start":{"line":216,"column":6},"end":{"line":218,"column":7}},"51":{"start":{"line":217,"column":8},"end":{"line":217,"column":47}},"52":{"start":{"line":220,"column":6},"end":{"line":222,"column":7}},"53":{"start":{"line":221,"column":8},"end":{"line":221,"column":30}},"54":{"start":{"line":223,"column":27},"end":{"line":223,"column":66}},"55":{"start":{"line":225,"column":6},"end":{"line":227,"column":7}},"56":{"start":{"line":226,"column":8},"end":{"line":226,"column":30}},"57":{"start":{"line":229,"column":22},"end":{"line":229,"column":40}},"58":{"start":{"line":230,"column":20},"end":{"line":230,"column":40}},"59":{"start":{"line":232,"column":6},"end":{"line":238,"column":9}},"60":{"start":{"line":241,"column":6},"end":{"line":241,"column":18}},"61":{"start":{"line":247,"column":4},"end":{"line":262,"column":5}},"62":{"start":{"line":248,"column":22},"end":{"line":250,"column":8}},"63":{"start":{"line":252,"column":6},"end":{"line":254,"column":7}},"64":{"start":{"line":253,"column":8},"end":{"line":253,"column":41}},"65":{"start":{"line":256,"column":6},"end":{"line":259,"column":9}},"66":{"start":{"line":261,"column":6},"end":{"line":261,"column":18}},"67":{"start":{"line":266,"column":4},"end":{"line":282,"column":5}},"68":{"start":{"line":267,"column":21},"end":{"line":267,"column":31}},"69":{"start":{"line":269,"column":19},"end":{"line":271,"column":8}},"70":{"start":{"line":272,"column":6},"end":{"line":274,"column":7}},"71":{"start":{"line":273,"column":8},"end":{"line":273,"column":41}},"72":{"start":{"line":275,"column":6},"end":{"line":278,"column":9}},"73":{"start":{"line":280,"column":6},"end":{"line":280,"column":25}},"74":{"start":{"line":281,"column":6},"end":{"line":281,"column":18}},"75":{"start":{"line":286,"column":4},"end":{"line":302,"column":5}},"76":{"start":{"line":287,"column":21},"end":{"line":287,"column":31}},"77":{"start":{"line":289,"column":22},"end":{"line":289,"column":45}},"78":{"start":{"line":290,"column":6},"end":{"line":292,"column":7}},"79":{"start":{"line":291,"column":8},"end":{"line":291,"column":41}},"80":{"start":{"line":294,"column":6},"end":{"line":294,"column":44}},"81":{"start":{"line":296,"column":6},"end":{"line":299,"column":9}},"82":{"start":{"line":301,"column":6},"end":{"line":301,"column":18}},"83":{"start":{"line":306,"column":0},"end":{"line":306,"column":32}}},"fnMap":{"0":{"name":"(anonymous_0)","decl":{"start":{"line":8,"column":2},"end":{"line":8,"column":3}},"loc":{"start":{"line":8,"column":45},"end":{"line":72,"column":3}},"line":8},"1":{"name":"(anonymous_1)","decl":{"start":{"line":75,"column":2},"end":{"line":75,"column":3}},"loc":{"start":{"line":75,"column":44},"end":{"line":136,"column":3}},"line":75},"2":{"name":"(anonymous_2)","decl":{"start":{"line":139,"column":2},"end":{"line":139,"column":3}},"loc":{"start":{"line":139,"column":44},"end":{"line":200,"column":3}},"line":139},"3":{"name":"(anonymous_3)","decl":{"start":{"line":203,"column":2},"end":{"line":203,"column":3}},"loc":{"start":{"line":203,"column":37},"end":{"line":243,"column":3}},"line":203},"4":{"name":"(anonymous_4)","decl":{"start":{"line":246,"column":2},"end":{"line":246,"column":3}},"loc":{"start":{"line":246,"column":41},"end":{"line":263,"column":3}},"line":246},"5":{"name":"(anonymous_5)","decl":{"start":{"line":265,"column":2},"end":{"line":265,"column":3}},"loc":{"start":{"line":265,"column":44},"end":{"line":283,"column":3}},"line":265},"6":{"name":"(anonymous_6)","decl":{"start":{"line":285,"column":2},"end":{"line":285,"column":3}},"loc":{"start":{"line":285,"column":42},"end":{"line":303,"column":3}},"line":285}},"branchMap":{"0":{"loc":{"start":{"line":14,"column":6},"end":{"line":65,"column":7}},"type":"if","locations":[{"start":{"line":14,"column":6},"end":{"line":65,"column":7}},{"start":{"line":42,"column":13},"end":{"line":65,"column":7}}],"line":14},"1":{"loc":{"start":{"line":78,"column":6},"end":{"line":130,"column":7}},"type":"if","locations":[{"start":{"line":78,"column":6},"end":{"line":130,"column":7}},{"start":{"line":107,"column":12},"end":{"line":130,"column":7}}],"line":78},"2":{"loc":{"start":{"line":143,"column":6},"end":{"line":195,"column":7}},"type":"if","locations":[{"start":{"line":143,"column":6},"end":{"line":195,"column":7}},{"start":{"line":172,"column":11},"end":{"line":195,"column":7}}],"line":143},"3":{"loc":{"start":{"line":213,"column":6},"end":{"line":215,"column":7}},"type":"if","locations":[{"start":{"line":213,"column":6},"end":{"line":215,"column":7}},{"start":{},"end":{}}],"line":213},"4":{"loc":{"start":{"line":216,"column":6},"end":{"line":218,"column":7}},"type":"if","locations":[{"start":{"line":216,"column":6},"end":{"line":218,"column":7}},{"start":{},"end":{}}],"line":216},"5":{"loc":{"start":{"line":220,"column":6},"end":{"line":222,"column":7}},"type":"if","locations":[{"start":{"line":220,"column":6},"end":{"line":222,"column":7}},{"start":{},"end":{}}],"line":220},"6":{"loc":{"start":{"line":225,"column":6},"end":{"line":227,"column":7}},"type":"if","locations":[{"start":{"line":225,"column":6},"end":{"line":227,"column":7}},{"start":{},"end":{}}],"line":225},"7":{"loc":{"start":{"line":252,"column":6},"end":{"line":254,"column":7}},"type":"if","locations":[{"start":{"line":252,"column":6},"end":{"line":254,"column":7}},{"start":{},"end":{}}],"line":252},"8":{"loc":{"start":{"line":272,"column":6},"end":{"line":274,"column":7}},"type":"if","locations":[{"start":{"line":272,"column":6},"end":{"line":274,"column":7}},{"start":{},"end":{}}],"line":272},"9":{"loc":{"start":{"line":290,"column":6},"end":{"line":292,"column":7}},"type":"if","locations":[{"start":{"line":290,"column":6},"end":{"line":292,"column":7}},{"start":{},"end":{}}],"line":290}},"s":{"0":1,"1":1,"2":1,"3":1,"4":7,"5":7,"6":7,"7":1,"8":1,"9":1,"10":1,"11":1,"12":1,"13":6,"14":1,"15":1,"16":5,"17":5,"18":8,"19":8,"20":8,"21":1,"22":1,"23":1,"24":1,"25":1,"26":1,"27":7,"28":2,"29":2,"30":5,"31":5,"32":7,"33":7,"34":7,"35":1,"36":1,"37":1,"38":1,"39":1,"40":1,"41":6,"42":1,"43":1,"44":5,"45":10,"46":10,"47":10,"48":10,"49":1,"50":9,"51":1,"52":8,"53":1,"54":7,"55":7,"56":1,"57":6,"58":6,"59":6,"60":4,"61":2,"62":2,"63":2,"64":1,"65":1,"66":1,"67":3,"68":3,"69":3,"70":2,"71":1,"72":1,"73":2,"74":2,"75":3,"76":3,"77":3,"78":3,"79":1,"80":2,"81":2,"82":1,"83":1},"f":{"0":7,"1":8,"2":7,"3":10,"4":2,"5":3,"6":3},"b":{"0":[1,6],"1":[1,7],"2":[1,6],"3":[1,9],"4":[1,8],"5":[1,7],"6":[1,6],"7":[1,1],"8":[1,1],"9":[1,2]},"_coverageSchema":"1a1c01bbd47fc00a2c39e90264f33305004495a9","hash":"90beff668471381a1e22bb677669cebee37907a9"}
,"D:\\project\\Final-project2\\wismaloka\\server\\services\\users\\helpers\\bcrypt.js": {"path":"D:\\project\\Final-project2\\wismaloka\\server\\services\\users\\helpers\\bcrypt.js","statementMap":{"0":{"start":{"line":1,"column":15},"end":{"line":1,"column":32}},"1":{"start":{"line":4,"column":2},"end":{"line":4,"column":34}},"2":{"start":{"line":8,"column":2},"end":{"line":8,"column":47}},"3":{"start":{"line":11,"column":0},"end":{"line":11,"column":49}}},"fnMap":{"0":{"name":"createHashPass","decl":{"start":{"line":3,"column":9},"end":{"line":3,"column":23}},"loc":{"start":{"line":3,"column":30},"end":{"line":5,"column":1}},"line":3},"1":{"name":"comparePass","decl":{"start":{"line":7,"column":9},"end":{"line":7,"column":20}},"loc":{"start":{"line":7,"column":40},"end":{"line":9,"column":1}},"line":7}},"branchMap":{},"s":{"0":1,"1":10,"2":7,"3":1},"f":{"0":10,"1":7},"b":{},"_coverageSchema":"1a1c01bbd47fc00a2c39e90264f33305004495a9","hash":"4c41575098ceaf0fa8d71dda4ab3d1f85670e6cf"}
,"D:\\project\\Final-project2\\wismaloka\\server\\services\\users\\helpers\\jwt.js": {"path":"D:\\project\\Final-project2\\wismaloka\\server\\services\\users\\helpers\\jwt.js","statementMap":{"0":{"start":{"line":1,"column":12},"end":{"line":1,"column":35}},"1":{"start":{"line":3,"column":0},"end":{"line":3,"column":20}},"2":{"start":{"line":6,"column":2},"end":{"line":6,"column":33}},"3":{"start":{"line":10,"column":2},"end":{"line":10,"column":33}},"4":{"start":{"line":13,"column":0},"end":{"line":13,"column":44}}},"fnMap":{"0":{"name":"createToken","decl":{"start":{"line":5,"column":9},"end":{"line":5,"column":20}},"loc":{"start":{"line":5,"column":30},"end":{"line":7,"column":1}},"line":5},"1":{"name":"readToken","decl":{"start":{"line":9,"column":9},"end":{"line":9,"column":18}},"loc":{"start":{"line":9,"column":26},"end":{"line":11,"column":1}},"line":9}},"branchMap":{},"s":{"0":1,"1":1,"2":6,"3":6,"4":1},"f":{"0":6,"1":6},"b":{},"_coverageSchema":"1a1c01bbd47fc00a2c39e90264f33305004495a9","hash":"fe7383708a31dc7d3b8df00789ecb815a87827e4"}
,"D:\\project\\Final-project2\\wismaloka\\server\\services\\users\\middlewares\\authen.js": {"path":"D:\\project\\Final-project2\\wismaloka\\server\\services\\users\\middlewares\\authen.js","statementMap":{"0":{"start":{"line":1,"column":22},"end":{"line":1,"column":47}},"1":{"start":{"line":2,"column":17},"end":{"line":2,"column":43}},"2":{"start":{"line":4,"column":23},"end":{"line":28,"column":1}},"3":{"start":{"line":5,"column":2},"end":{"line":27,"column":3}},"4":{"start":{"line":7,"column":29},"end":{"line":7,"column":40}},"5":{"start":{"line":8,"column":20},"end":{"line":8,"column":43}},"6":{"start":{"line":10,"column":20},"end":{"line":10,"column":51}},"7":{"start":{"line":13,"column":4},"end":{"line":23,"column":5}},"8":{"start":{"line":14,"column":6},"end":{"line":14,"column":50}},"9":{"start":{"line":16,"column":6},"end":{"line":20,"column":8}},"10":{"start":{"line":22,"column":6},"end":{"line":22,"column":13}},"11":{"start":{"line":26,"column":4},"end":{"line":26,"column":16}},"12":{"start":{"line":30,"column":0},"end":{"line":30,"column":32}}},"fnMap":{"0":{"name":"(anonymous_0)","decl":{"start":{"line":4,"column":23},"end":{"line":4,"column":24}},"loc":{"start":{"line":4,"column":49},"end":{"line":28,"column":1}},"line":4}},"branchMap":{"0":{"loc":{"start":{"line":13,"column":4},"end":{"line":23,"column":5}},"type":"if","locations":[{"start":{"line":13,"column":4},"end":{"line":23,"column":5}},{"start":{"line":15,"column":11},"end":{"line":23,"column":5}}],"line":13}},"s":{"0":1,"1":1,"2":1,"3":6,"4":6,"5":6,"6":5,"7":5,"8":1,"9":4,"10":4,"11":2,"12":1},"f":{"0":6},"b":{"0":[1,4]},"_coverageSchema":"1a1c01bbd47fc00a2c39e90264f33305004495a9","hash":"4505e15ec7da7f645b838ea36d18cb34554aecd6"}
,"D:\\project\\Final-project2\\wismaloka\\server\\services\\users\\middlewares\\authorize.js": {"path":"D:\\project\\Final-project2\\wismaloka\\server\\services\\users\\middlewares\\authorize.js","statementMap":{"0":{"start":{"line":1,"column":17},"end":{"line":1,"column":43}},"1":{"start":{"line":3,"column":22},"end":{"line":23,"column":1}},"2":{"start":{"line":4,"column":2},"end":{"line":22,"column":3}},"3":{"start":{"line":5,"column":19},"end":{"line":5,"column":29}},"4":{"start":{"line":6,"column":20},"end":{"line":6,"column":43}},"5":{"start":{"line":9,"column":6},"end":{"line":18,"column":5}},"6":{"start":{"line":10,"column":8},"end":{"line":10,"column":15}},"7":{"start":{"line":12,"column":8},"end":{"line":16,"column":9}},"8":{"start":{"line":13,"column":10},"end":{"line":13,"column":17}},"9":{"start":{"line":15,"column":10},"end":{"line":15,"column":37}},"10":{"start":{"line":21,"column":4},"end":{"line":21,"column":16}},"11":{"start":{"line":25,"column":0},"end":{"line":25,"column":31}}},"fnMap":{"0":{"name":"(anonymous_0)","decl":{"start":{"line":3,"column":22},"end":{"line":3,"column":23}},"loc":{"start":{"line":3,"column":48},"end":{"line":23,"column":1}},"line":3}},"branchMap":{"0":{"loc":{"start":{"line":9,"column":6},"end":{"line":18,"column":5}},"type":"if","locations":[{"start":{"line":9,"column":6},"end":{"line":18,"column":5}},{"start":{"line":11,"column":13},"end":{"line":18,"column":5}}],"line":9},"1":{"loc":{"start":{"line":12,"column":8},"end":{"line":16,"column":9}},"type":"if","locations":[{"start":{"line":12,"column":8},"end":{"line":16,"column":9}},{"start":{"line":14,"column":15},"end":{"line":16,"column":9}}],"line":12}},"s":{"0":1,"1":1,"2":4,"3":4,"4":4,"5":4,"6":2,"7":2,"8":1,"9":1,"10":1,"11":1},"f":{"0":4},"b":{"0":[2,2],"1":[1,1]},"_coverageSchema":"1a1c01bbd47fc00a2c39e90264f33305004495a9","hash":"5494cdfff522c32ddd941f3014af4f493ec164b0"}
,"D:\\project\\Final-project2\\wismaloka\\server\\services\\users\\middlewares\\errHandler.js": {"path":"D:\\project\\Final-project2\\wismaloka\\server\\services\\users\\middlewares\\errHandler.js","statementMap":{"0":{"start":{"line":2,"column":2},"end":{"line":2,"column":19}},"1":{"start":{"line":3,"column":2},"end":{"line":52,"column":3}},"2":{"start":{"line":6,"column":6},"end":{"line":6,"column":47}},"3":{"start":{"line":6,"column":35},"end":{"line":6,"column":45}},"4":{"start":{"line":7,"column":6},"end":{"line":9,"column":9}},"5":{"start":{"line":10,"column":6},"end":{"line":10,"column":12}},"6":{"start":{"line":12,"column":6},"end":{"line":14,"column":9}},"7":{"start":{"line":15,"column":6},"end":{"line":15,"column":12}},"8":{"start":{"line":17,"column":6},"end":{"line":19,"column":9}},"9":{"start":{"line":20,"column":6},"end":{"line":20,"column":12}},"10":{"start":{"line":22,"column":6},"end":{"line":24,"column":9}},"11":{"start":{"line":25,"column":6},"end":{"line":25,"column":12}},"12":{"start":{"line":27,"column":6},"end":{"line":29,"column":9}},"13":{"start":{"line":30,"column":6},"end":{"line":30,"column":12}},"14":{"start":{"line":32,"column":6},"end":{"line":34,"column":9}},"15":{"start":{"line":35,"column":6},"end":{"line":35,"column":12}},"16":{"start":{"line":37,"column":6},"end":{"line":39,"column":9}},"17":{"start":{"line":40,"column":6},"end":{"line":40,"column":12}},"18":{"start":{"line":42,"column":6},"end":{"line":44,"column":9}},"19":{"start":{"line":45,"column":6},"end":{"line":45,"column":12}},"20":{"start":{"line":48,"column":6},"end":{"line":50,"column":9}},"21":{"start":{"line":51,"column":6},"end":{"line":51,"column":12}},"22":{"start":{"line":55,"column":0},"end":{"line":55,"column":27}}},"fnMap":{"0":{"name":"errHandle","decl":{"start":{"line":1,"column":9},"end":{"line":1,"column":18}},"loc":{"start":{"line":1,"column":40},"end":{"line":53,"column":1}},"line":1},"1":{"name":"(anonymous_1)","decl":{"start":{"line":6,"column":27},"end":{"line":6,"column":28}},"loc":{"start":{"line":6,"column":35},"end":{"line":6,"column":45}},"line":6}},"branchMap":{"0":{"loc":{"start":{"line":3,"column":2},"end":{"line":52,"column":3}},"type":"switch","locations":[{"start":{"line":4,"column":4},"end":{"line":4,"column":36}},{"start":{"line":5,"column":4},"end":{"line":10,"column":12}},{"start":{"line":11,"column":4},"end":{"line":15,"column":12}},{"start":{"line":16,"column":4},"end":{"line":20,"column":12}},{"start":{"line":21,"column":4},"end":{"line":25,"column":12}},{"start":{"line":26,"column":4},"end":{"line":30,"column":12}},{"start":{"line":31,"column":4},"end":{"line":35,"column":12}},{"start":{"line":36,"column":4},"end":{"line":40,"column":12}},{"start":{"line":41,"column":4},"end":{"line":45,"column":12}},{"start":{"line":47,"column":4},"end":{"line":51,"column":12}}],"line":3}},"s":{"0":26,"1":26,"2":15,"3":15,"4":15,"5":15,"6":1,"7":1,"8":1,"9":1,"10":2,"11":2,"12":3,"13":3,"14":1,"15":1,"16":1,"17":1,"18":1,"19":1,"20":1,"21":1,"22":1},"f":{"0":26,"1":15},"b":{"0":[12,15,1,1,2,3,1,1,1,1]},"_coverageSchema":"1a1c01bbd47fc00a2c39e90264f33305004495a9","hash":"a10679a1c9535ecb0627c350aef1aecaf34da0cd"}
,"D:\\project\\Final-project2\\wismaloka\\server\\services\\users\\middlewares\\imgKitMulter.js": {"path":"D:\\project\\Final-project2\\wismaloka\\server\\services\\users\\middlewares\\imgKitMulter.js","statementMap":{"0":{"start":{"line":1,"column":14},"end":{"line":1,"column":30}},"1":{"start":{"line":2,"column":17},"end":{"line":2,"column":37}},"2":{"start":{"line":5,"column":2},"end":{"line":24,"column":3}},"3":{"start":{"line":6,"column":16},"end":{"line":6,"column":30}},"4":{"start":{"line":8,"column":4},"end":{"line":8,"column":52}},"5":{"start":{"line":9,"column":4},"end":{"line":9,"column":43}},"6":{"start":{"line":10,"column":16},"end":{"line":10,"column":55}},"7":{"start":{"line":11,"column":21},"end":{"line":11,"column":56}},"8":{"start":{"line":13,"column":4},"end":{"line":21,"column":7}},"9":{"start":{"line":23,"column":4},"end":{"line":23,"column":23}},"10":{"start":{"line":27,"column":0},"end":{"line":27,"column":30}}},"fnMap":{"0":{"name":"imageKit","decl":{"start":{"line":4,"column":15},"end":{"line":4,"column":23}},"loc":{"start":{"line":4,"column":46},"end":{"line":25,"column":1}},"line":4}},"branchMap":{},"s":{"0":1,"1":1,"2":3,"3":3,"4":3,"5":3,"6":3,"7":3,"8":3,"9":0,"10":1},"f":{"0":3},"b":{},"_coverageSchema":"1a1c01bbd47fc00a2c39e90264f33305004495a9","hash":"937f357e370027269872d74294dd595d9b683d12"}
,"D:\\project\\Final-project2\\wismaloka\\server\\services\\users\\models\\index.js": {"path":"D:\\project\\Final-project2\\wismaloka\\server\\services\\users\\models\\index.js","statementMap":{"0":{"start":{"line":3,"column":11},"end":{"line":3,"column":24}},"1":{"start":{"line":4,"column":13},"end":{"line":4,"column":28}},"2":{"start":{"line":5,"column":18},"end":{"line":5,"column":38}},"3":{"start":{"line":6,"column":17},"end":{"line":6,"column":42}},"4":{"start":{"line":7,"column":12},"end":{"line":7,"column":49}},"5":{"start":{"line":8,"column":15},"end":{"line":8,"column":65}},"6":{"start":{"line":9,"column":11},"end":{"line":9,"column":13}},"7":{"start":{"line":12,"column":0},"end":{"line":16,"column":1}},"8":{"start":{"line":13,"column":2},"end":{"line":13,"column":74}},"9":{"start":{"line":15,"column":2},"end":{"line":15,"column":87}},"10":{"start":{"line":18,"column":0},"end":{"line":26,"column":5}},"11":{"start":{"line":21,"column":4},"end":{"line":21,"column":90}},"12":{"start":{"line":24,"column":18},"end":{"line":24,"column":85}},"13":{"start":{"line":25,"column":4},"end":{"line":25,"column":27}},"14":{"start":{"line":28,"column":0},"end":{"line":32,"column":3}},"15":{"start":{"line":29,"column":2},"end":{"line":31,"column":3}},"16":{"start":{"line":30,"column":4},"end":{"line":30,"column":32}},"17":{"start":{"line":34,"column":0},"end":{"line":34,"column":25}},"18":{"start":{"line":35,"column":0},"end":{"line":35,"column":25}},"19":{"start":{"line":37,"column":0},"end":{"line":37,"column":20}}},"fnMap":{"0":{"name":"(anonymous_0)","decl":{"start":{"line":20,"column":10},"end":{"line":20,"column":11}},"loc":{"start":{"line":20,"column":18},"end":{"line":22,"column":3}},"line":20},"1":{"name":"(anonymous_1)","decl":{"start":{"line":23,"column":11},"end":{"line":23,"column":12}},"loc":{"start":{"line":23,"column":19},"end":{"line":26,"column":3}},"line":23},"2":{"name":"(anonymous_2)","decl":{"start":{"line":28,"column":24},"end":{"line":28,"column":25}},"loc":{"start":{"line":28,"column":37},"end":{"line":32,"column":1}},"line":28}},"branchMap":{"0":{"loc":{"start":{"line":7,"column":12},"end":{"line":7,"column":49}},"type":"binary-expr","locations":[{"start":{"line":7,"column":12},"end":{"line":7,"column":32}},{"start":{"line":7,"column":36},"end":{"line":7,"column":49}}],"line":7},"1":{"loc":{"start":{"line":12,"column":0},"end":{"line":16,"column":1}},"type":"if","locations":[{"start":{"line":12,"column":0},"end":{"line":16,"column":1}},{"start":{"line":14,"column":7},"end":{"line":16,"column":1}}],"line":12},"2":{"loc":{"start":{"line":21,"column":11},"end":{"line":21,"column":89}},"type":"binary-expr","locations":[{"start":{"line":21,"column":12},"end":{"line":21,"column":35}},{"start":{"line":21,"column":41},"end":{"line":21,"column":58}},{"start":{"line":21,"column":64},"end":{"line":21,"column":88}}],"line":21},"3":{"loc":{"start":{"line":29,"column":2},"end":{"line":31,"column":3}},"type":"if","locations":[{"start":{"line":29,"column":2},"end":{"line":31,"column":3}},{"start":{},"end":{}}],"line":29}},"s":{"0":1,"1":1,"2":1,"3":1,"4":1,"5":1,"6":1,"7":1,"8":0,"9":1,"10":1,"11":3,"12":2,"13":2,"14":1,"15":2,"16":2,"17":1,"18":1,"19":1},"f":{"0":3,"1":2,"2":2},"b":{"0":[1,0],"1":[0,1],"2":[3,3,2],"3":[2,0]},"_coverageSchema":"1a1c01bbd47fc00a2c39e90264f33305004495a9","hash":"fb4de6514c938a2ac570b47d381e8fc89454c8c3"}
,"D:\\project\\Final-project2\\wismaloka\\server\\services\\users\\models\\user.js": {"path":"D:\\project\\Final-project2\\wismaloka\\server\\services\\users\\models\\user.js","statementMap":{"0":{"start":{"line":2,"column":18},"end":{"line":2,"column":38}},"1":{"start":{"line":3,"column":27},"end":{"line":3,"column":55}},"2":{"start":{"line":4,"column":0},"end":{"line":64,"column":2}},"3":{"start":{"line":13,"column":6},"end":{"line":13,"column":37}},"4":{"start":{"line":16,"column":2},"end":{"line":58,"column":4}},"5":{"start":{"line":42,"column":23},"end":{"line":42,"column":35}},"6":{"start":{"line":43,"column":12},"end":{"line":45,"column":13}},"7":{"start":{"line":44,"column":14},"end":{"line":44,"column":58}},"8":{"start":{"line":60,"column":2},"end":{"line":62,"column":5}},"9":{"start":{"line":61,"column":4},"end":{"line":61,"column":58}},"10":{"start":{"line":63,"column":2},"end":{"line":63,"column":14}}},"fnMap":{"0":{"name":"(anonymous_0)","decl":{"start":{"line":4,"column":17},"end":{"line":4,"column":18}},"loc":{"start":{"line":4,"column":43},"end":{"line":64,"column":1}},"line":4},"1":{"name":"(anonymous_1)","decl":{"start":{"line":11,"column":4},"end":{"line":11,"column":5}},"loc":{"start":{"line":11,"column":29},"end":{"line":14,"column":5}},"line":11},"2":{"name":"(anonymous_2)","decl":{"start":{"line":41,"column":10},"end":{"line":41,"column":11}},"loc":{"start":{"line":41,"column":28},"end":{"line":46,"column":11}},"line":41},"3":{"name":"(anonymous_3)","decl":{"start":{"line":60,"column":20},"end":{"line":60,"column":21}},"loc":{"start":{"line":60,"column":43},"end":{"line":62,"column":3}},"line":60}},"branchMap":{"0":{"loc":{"start":{"line":43,"column":12},"end":{"line":45,"column":13}},"type":"if","locations":[{"start":{"line":43,"column":12},"end":{"line":45,"column":13}},{"start":{},"end":{}}],"line":43}},"s":{"0":1,"1":1,"2":1,"3":1,"4":1,"5":19,"6":19,"7":3,"8":1,"9":10,"10":1},"f":{"0":1,"1":1,"2":19,"3":10},"b":{"0":[3,16]},"_coverageSchema":"1a1c01bbd47fc00a2c39e90264f33305004495a9","hash":"d16b0d5fdc333e5d8fd01edfa7ded940578115e9"}
,"D:\\project\\Final-project2\\wismaloka\\server\\services\\users\\models\\userhouse.js": {"path":"D:\\project\\Final-project2\\wismaloka\\server\\services\\users\\models\\userhouse.js","statementMap":{"0":{"start":{"line":2,"column":18},"end":{"line":2,"column":38}},"1":{"start":{"line":3,"column":0},"end":{"line":26,"column":2}},"2":{"start":{"line":12,"column":6},"end":{"line":12,"column":39}},"3":{"start":{"line":15,"column":2},"end":{"line":24,"column":4}},"4":{"start":{"line":25,"column":2},"end":{"line":25,"column":19}}},"fnMap":{"0":{"name":"(anonymous_0)","decl":{"start":{"line":3,"column":17},"end":{"line":3,"column":18}},"loc":{"start":{"line":3,"column":43},"end":{"line":26,"column":1}},"line":3},"1":{"name":"(anonymous_1)","decl":{"start":{"line":10,"column":4},"end":{"line":10,"column":5}},"loc":{"start":{"line":10,"column":29},"end":{"line":13,"column":5}},"line":10}},"branchMap":{},"s":{"0":1,"1":1,"2":1,"3":1,"4":1},"f":{"0":1,"1":1},"b":{},"_coverageSchema":"1a1c01bbd47fc00a2c39e90264f33305004495a9","hash":"801bd2c5c25df1052e5bdfebbe4e47bd874d0a99"}
,"D:\\project\\Final-project2\\wismaloka\\server\\services\\users\\routes\\index.js": {"path":"D:\\project\\Final-project2\\wismaloka\\server\\services\\users\\routes\\index.js","statementMap":{"0":{"start":{"line":1,"column":16},"end":{"line":1,"column":34}},"1":{"start":{"line":2,"column":15},"end":{"line":2,"column":31}},"2":{"start":{"line":3,"column":23},"end":{"line":3,"column":64}},"3":{"start":{"line":4,"column":23},"end":{"line":4,"column":55}},"4":{"start":{"line":5,"column":22},"end":{"line":5,"column":57}},"5":{"start":{"line":7,"column":15},"end":{"line":7,"column":32}},"6":{"start":{"line":9,"column":15},"end":{"line":9,"column":23}},"7":{"start":{"line":11,"column":0},"end":{"line":11,"column":50}},"8":{"start":{"line":13,"column":0},"end":{"line":17,"column":2}},"9":{"start":{"line":18,"column":0},"end":{"line":22,"column":2}},"10":{"start":{"line":23,"column":0},"end":{"line":27,"column":2}},"11":{"start":{"line":29,"column":0},"end":{"line":29,"column":47}},"12":{"start":{"line":31,"column":0},"end":{"line":31,"column":54}},"13":{"start":{"line":33,"column":0},"end":{"line":33,"column":27}},"14":{"start":{"line":35,"column":0},"end":{"line":35,"column":70}},"15":{"start":{"line":37,"column":0},"end":{"line":37,"column":24}}},"fnMap":{},"branchMap":{},"s":{"0":1,"1":1,"2":1,"3":1,"4":1,"5":1,"6":1,"7":1,"8":1,"9":1,"10":1,"11":1,"12":1,"13":1,"14":1,"15":1},"f":{},"b":{},"_coverageSchema":"1a1c01bbd47fc00a2c39e90264f33305004495a9","hash":"fbd8e896e8bba67db3bf43e788b248661a12f897"}
}
