TN:
SF:app.js
FNF:0
FNH:0
DA:1,1
DA:2,1
DA:4,1
DA:5,1
DA:6,1
DA:7,1
DA:8,1
DA:11,1
DA:12,1
DA:13,1
DA:14,1
DA:16,1
DA:20,1
LF:13
LH:13
BRDA:1,0,0,1
BRDA:1,0,1,0
BRF:2
BRH:1
end_of_record
TN:
SF:controlllers\userController.js
FN:8,(anonymous_0)
FN:75,(anonymous_1)
FN:139,(anonymous_2)
FN:203,(anonymous_3)
FN:246,(anonymous_4)
FN:265,(anonymous_5)
FN:285,(anonymous_6)
FNF:7
FNH:7
FNDA:7,(anonymous_0)
FNDA:8,(anonymous_1)
FNDA:7,(anonymous_2)
FNDA:10,(anonymous_3)
FNDA:2,(anonymous_4)
FNDA:3,(anonymous_5)
FNDA:3,(anonymous_6)
DA:1,1
DA:2,1
DA:3,1
DA:4,1
DA:9,7
DA:11,7
DA:14,7
DA:15,1
DA:17,1
DA:18,1
DA:19,1
DA:29,1
DA:33,1
DA:43,6
DA:52,1
DA:56,1
DA:69,5
DA:70,5
DA:76,8
DA:77,8
DA:78,8
DA:79,1
DA:81,1
DA:82,1
DA:84,1
DA:94,1
DA:98,1
DA:108,7
DA:117,2
DA:121,2
DA:133,5
DA:134,5
DA:140,7
DA:141,7
DA:143,7
DA:144,1
DA:146,1
DA:147,1
DA:149,1
DA:159,1
DA:163,1
DA:173,6
DA:182,1
DA:186,1
DA:198,5
DA:204,10
DA:205,10
DA:207,10
DA:213,10
DA:214,1
DA:216,9
DA:217,1
DA:220,8
DA:221,1
DA:223,7
DA:225,7
DA:226,1
DA:229,6
DA:230,6
DA:232,6
DA:241,4
DA:247,2
DA:248,2
DA:252,2
DA:253,1
DA:256,1
DA:261,1
DA:266,3
DA:267,3
DA:269,3
DA:272,2
DA:273,1
DA:275,1
DA:280,2
DA:281,2
DA:286,3
DA:287,3
DA:289,3
DA:290,3
DA:291,1
DA:294,2
DA:296,2
DA:301,1
DA:306,1
LF:84
LH:84
BRDA:14,0,0,1
BRDA:14,0,1,6
BRDA:78,1,0,1
BRDA:78,1,1,7
BRDA:143,2,0,1
BRDA:143,2,1,6
BRDA:213,3,0,1
BRDA:213,3,1,9
BRDA:216,4,0,1
BRDA:216,4,1,8
BRDA:220,5,0,1
BRDA:220,5,1,7
BRDA:225,6,0,1
BRDA:225,6,1,6
BRDA:252,7,0,1
BRDA:252,7,1,1
BRDA:272,8,0,1
BRDA:272,8,1,1
BRDA:290,9,0,1
BRDA:290,9,1,2
BRF:20
BRH:20
end_of_record
TN:
SF:helpers\bcrypt.js
FN:3,createHashPass
FN:7,comparePass
FNF:2
FNH:2
FNDA:10,createHashPass
FNDA:7,comparePass
DA:1,1
DA:4,10
DA:8,7
DA:11,1
LF:4
LH:4
BRF:0
BRH:0
end_of_record
TN:
SF:helpers\jwt.js
FN:5,createToken
FN:9,readToken
FNF:2
FNH:2
FNDA:6,createToken
FNDA:6,readToken
DA:1,1
DA:3,1
DA:6,6
DA:10,6
DA:13,1
LF:5
LH:5
BRF:0
BRH:0
end_of_record
TN:
SF:middlewares\authen.js
FN:4,(anonymous_0)
FNF:1
FNH:1
FNDA:6,(anonymous_0)
DA:1,1
DA:2,1
DA:4,1
DA:5,6
DA:7,6
DA:8,6
DA:10,5
DA:13,5
DA:14,1
DA:16,4
DA:22,4
DA:26,2
DA:30,1
LF:13
LH:13
BRDA:13,0,0,1
BRDA:13,0,1,4
BRF:2
BRH:2
end_of_record
TN:
SF:middlewares\authorize.js
FN:3,(anonymous_0)
FNF:1
FNH:1
FNDA:4,(anonymous_0)
DA:1,1
DA:3,1
DA:4,4
DA:5,4
DA:6,4
DA:9,4
DA:10,2
DA:12,2
DA:13,1
DA:15,1
DA:21,1
DA:25,1
LF:12
LH:12
BRDA:9,0,0,2
BRDA:9,0,1,2
BRDA:12,1,0,1
BRDA:12,1,1,1
BRF:4
BRH:4
end_of_record
TN:
SF:middlewares\errHandler.js
FN:1,errHandle
FN:6,(anonymous_1)
FNF:2
FNH:2
FNDA:26,errHandle
FNDA:15,(anonymous_1)
DA:2,26
DA:3,26
DA:6,15
DA:7,15
DA:10,15
DA:12,1
DA:15,1
DA:17,1
DA:20,1
DA:22,2
DA:25,2
DA:27,3
DA:30,3
DA:32,1
DA:35,1
DA:37,1
DA:40,1
DA:42,1
DA:45,1
DA:48,1
DA:51,1
DA:55,1
LF:22
LH:22
BRDA:3,0,0,12
BRDA:3,0,1,15
BRDA:3,0,2,1
BRDA:3,0,3,1
BRDA:3,0,4,2
BRDA:3,0,5,3
BRDA:3,0,6,1
BRDA:3,0,7,1
BRDA:3,0,8,1
BRDA:3,0,9,1
BRF:10
BRH:10
end_of_record
TN:
SF:middlewares\imgKitMulter.js
FN:4,imageKit
FNF:1
FNH:1
FNDA:3,imageKit
DA:1,1
DA:2,1
DA:5,3
DA:6,3
DA:8,3
DA:9,3
DA:10,3
DA:11,3
DA:13,3
DA:23,0
DA:27,1
LF:11
LH:10
BRF:0
BRH:0
end_of_record
TN:
SF:models\index.js
FN:20,(anonymous_0)
FN:23,(anonymous_1)
FN:28,(anonymous_2)
FNF:3
FNH:3
FNDA:3,(anonymous_0)
FNDA:2,(anonymous_1)
FNDA:2,(anonymous_2)
DA:3,1
DA:4,1
DA:5,1
DA:6,1
DA:7,1
DA:8,1
DA:9,1
DA:12,1
DA:13,0
DA:15,1
DA:18,1
DA:21,3
DA:24,2
DA:25,2
DA:28,1
DA:29,2
DA:30,2
DA:34,1
DA:35,1
DA:37,1
LF:20
LH:19
BRDA:7,0,0,1
BRDA:7,0,1,0
BRDA:12,1,0,0
BRDA:12,1,1,1
BRDA:21,2,0,3
BRDA:21,2,1,3
BRDA:21,2,2,2
BRDA:29,3,0,2
BRDA:29,3,1,0
BRF:9
BRH:6
end_of_record
TN:
SF:models\user.js
FN:4,(anonymous_0)
FN:11,(anonymous_1)
FN:41,(anonymous_2)
FN:60,(anonymous_3)
FNF:4
FNH:4
FNDA:1,(anonymous_0)
FNDA:1,(anonymous_1)
FNDA:19,(anonymous_2)
FNDA:10,(anonymous_3)
DA:2,1
DA:3,1
DA:4,1
DA:13,1
DA:16,1
DA:42,19
DA:43,19
DA:44,3
DA:60,1
DA:61,10
DA:63,1
LF:11
LH:11
BRDA:43,0,0,3
BRDA:43,0,1,16
BRF:2
BRH:2
end_of_record
TN:
SF:models\userhouse.js
FN:3,(anonymous_0)
FN:10,(anonymous_1)
FNF:2
FNH:2
FNDA:1,(anonymous_0)
FNDA:1,(anonymous_1)
DA:2,1
DA:3,1
DA:12,1
DA:15,1
DA:25,1
LF:5
LH:5
BRF:0
BRH:0
end_of_record
TN:
SF:routes\index.js
FNF:0
FNH:0
DA:1,1
DA:2,1
DA:3,1
DA:4,1
DA:5,1
DA:7,1
DA:9,1
DA:11,1
DA:13,1
DA:18,1
DA:23,1
DA:29,1
DA:31,1
DA:33,1
DA:35,1
DA:37,1
LF:16
LH:16
BRF:0
BRH:0
end_of_record
