TN:
SF:app.js
FNF:0
FNH:0
DA:1,1
DA:2,1
DA:4,1
DA:5,1
DA:6,1
DA:7,1
DA:8,1
DA:11,1
DA:12,1
DA:13,1
DA:14,1
DA:16,1
DA:20,1
LF:13
LH:13
BRDA:1,0,0,1
BRDA:1,0,1,0
BRF:2
BRH:1
end_of_record
TN:
SF:controlllers\userController.js
FN:9,(anonymous_0)
FN:70,(anonymous_1)
FN:132,(anonymous_2)
FN:194,(anonymous_3)
FN:238,(anonymous_4)
FN:257,(anonymous_5)
FN:276,(anonymous_6)
FN:297,(anonymous_7)
FN:315,(anonymous_8)
FNF:9
FNH:9
FNDA:7,(anonymous_0)
FNDA:8,(anonymous_1)
FNDA:7,(anonymous_2)
FNDA:10,(anonymous_3)
FNDA:2,(anonymous_4)
FNDA:3,(anonymous_5)
FNDA:3,(anonymous_6)
FNDA:1,(anonymous_7)
FNDA:1,(anonymous_8)
DA:1,1
DA:2,1
DA:3,1
DA:4,1
DA:5,1
DA:10,7
DA:11,7
DA:13,7
DA:14,1
DA:15,1
DA:16,1
DA:17,1
DA:27,1
DA:31,1
DA:41,6
DA:50,1
DA:54,1
DA:65,5
DA:71,8
DA:72,8
DA:73,8
DA:74,1
DA:76,1
DA:77,1
DA:79,1
DA:89,1
DA:93,1
DA:103,7
DA:112,2
DA:116,2
DA:127,5
DA:133,7
DA:134,7
DA:136,7
DA:137,1
DA:138,1
DA:139,1
DA:141,1
DA:151,1
DA:155,1
DA:165,6
DA:174,1
DA:178,1
DA:189,5
DA:195,10
DA:196,10
DA:198,10
DA:204,10
DA:205,1
DA:207,9
DA:208,1
DA:211,8
DA:212,1
DA:214,7
DA:216,7
DA:217,1
DA:220,6
DA:221,6
DA:223,6
DA:233,4
DA:239,2
DA:240,2
DA:244,2
DA:245,1
DA:248,1
DA:253,1
DA:258,3
DA:259,3
DA:261,3
DA:264,2
DA:265,1
DA:267,1
DA:272,2
DA:277,3
DA:278,3
DA:280,3
DA:281,3
DA:282,1
DA:285,2
DA:287,2
DA:292,1
DA:298,1
DA:308,1
DA:309,1
DA:316,1
DA:318,1
DA:320,1
DA:326,1
LF:88
LH:88
BRDA:13,0,0,1
BRDA:13,0,1,6
BRDA:73,1,0,1
BRDA:73,1,1,7
BRDA:136,2,0,1
BRDA:136,2,1,6
BRDA:204,3,0,1
BRDA:204,3,1,9
BRDA:207,4,0,1
BRDA:207,4,1,8
BRDA:211,5,0,1
BRDA:211,5,1,7
BRDA:216,6,0,1
BRDA:216,6,1,6
BRDA:244,7,0,1
BRDA:244,7,1,1
BRDA:264,8,0,1
BRDA:264,8,1,1
BRDA:281,9,0,1
BRDA:281,9,1,2
BRF:20
BRH:20
end_of_record
TN:
SF:helpers\bcrypt.js
FN:3,createHashPass
FN:7,comparePass
FNF:2
FNH:2
FNDA:10,createHashPass
FNDA:7,comparePass
DA:1,1
DA:4,10
DA:8,7
DA:11,1
LF:4
LH:4
BRF:0
BRH:0
end_of_record
TN:
SF:helpers\jwt.js
FN:5,createToken
FN:9,readToken
FNF:2
FNH:2
FNDA:6,createToken
FNDA:8,readToken
DA:1,1
DA:3,1
DA:6,6
DA:10,8
DA:13,1
LF:5
LH:5
BRF:0
BRH:0
end_of_record
TN:
SF:helpers\midtrans.js
FNF:0
FNH:0
DA:1,1
DA:3,1
DA:9,1
LF:3
LH:3
BRF:0
BRH:0
end_of_record
TN:
SF:middlewares\authen.js
FN:4,(anonymous_0)
FNF:1
FNH:1
FNDA:8,(anonymous_0)
DA:1,1
DA:2,1
DA:4,1
DA:5,8
DA:6,8
DA:7,8
DA:8,7
DA:10,7
DA:11,1
DA:13,6
DA:20,6
DA:23,2
DA:27,1
LF:13
LH:13
BRDA:10,0,0,1
BRDA:10,0,1,6
BRF:2
BRH:2
end_of_record
TN:
SF:middlewares\authorize.js
FN:3,(anonymous_0)
FNF:1
FNH:1
FNDA:4,(anonymous_0)
DA:1,1
DA:3,1
DA:4,4
DA:5,4
DA:6,4
DA:8,4
DA:9,2
DA:11,2
DA:12,1
DA:14,1
DA:18,1
DA:22,1
LF:12
LH:12
BRDA:8,0,0,2
BRDA:8,0,1,2
BRDA:11,1,0,1
BRDA:11,1,1,1
BRF:4
BRH:4
end_of_record
TN:
SF:middlewares\errHandler.js
FN:1,errHandle
FN:5,(anonymous_1)
FNF:2
FNH:2
FNDA:26,errHandle
FNDA:15,(anonymous_1)
DA:2,26
DA:5,15
DA:6,15
DA:9,15
DA:11,1
DA:14,1
DA:16,1
DA:19,1
DA:21,2
DA:24,2
DA:26,3
DA:29,3
DA:31,1
DA:34,1
DA:36,1
DA:39,1
DA:41,1
DA:44,1
DA:47,1
DA:50,1
DA:54,1
LF:21
LH:21
BRDA:2,0,0,12
BRDA:2,0,1,15
BRDA:2,0,2,1
BRDA:2,0,3,1
BRDA:2,0,4,2
BRDA:2,0,5,3
BRDA:2,0,6,1
BRDA:2,0,7,1
BRDA:2,0,8,1
BRDA:2,0,9,1
BRF:10
BRH:10
end_of_record
TN:
SF:middlewares\imgKitMulter.js
FN:4,imageKit
FNF:1
FNH:1
FNDA:3,imageKit
DA:1,1
DA:2,1
DA:5,3
DA:6,3
DA:7,3
DA:8,3
DA:9,3
DA:10,3
DA:21,1
LF:9
LH:9
BRF:0
BRH:0
end_of_record
TN:
SF:models\index.js
FN:20,(anonymous_0)
FN:23,(anonymous_1)
FN:28,(anonymous_2)
FNF:3
FNH:3
FNDA:3,(anonymous_0)
FNDA:2,(anonymous_1)
FNDA:2,(anonymous_2)
DA:3,1
DA:4,1
DA:5,1
DA:6,1
DA:7,1
DA:8,1
DA:9,1
DA:12,1
DA:13,0
DA:15,1
DA:18,1
DA:21,3
DA:24,2
DA:25,2
DA:28,1
DA:29,2
DA:30,2
DA:34,1
DA:35,1
DA:37,1
LF:20
LH:19
BRDA:7,0,0,1
BRDA:7,0,1,0
BRDA:12,1,0,0
BRDA:12,1,1,1
BRDA:21,2,0,3
BRDA:21,2,1,3
BRDA:21,2,2,2
BRDA:29,3,0,2
BRDA:29,3,1,0
BRF:9
BRH:6
end_of_record
TN:
SF:models\user.js
FN:4,(anonymous_0)
FN:11,(anonymous_1)
FN:41,(anonymous_2)
FN:60,(anonymous_3)
FNF:4
FNH:4
FNDA:1,(anonymous_0)
FNDA:1,(anonymous_1)
FNDA:19,(anonymous_2)
FNDA:10,(anonymous_3)
DA:2,1
DA:3,1
DA:4,1
DA:13,1
DA:16,1
DA:42,19
DA:43,19
DA:44,3
DA:60,1
DA:61,10
DA:63,1
LF:11
LH:11
BRDA:43,0,0,3
BRDA:43,0,1,16
BRF:2
BRH:2
end_of_record
TN:
SF:models\userhouse.js
FN:3,(anonymous_0)
FN:10,(anonymous_1)
FNF:2
FNH:2
FNDA:1,(anonymous_0)
FNDA:1,(anonymous_1)
DA:2,1
DA:3,1
DA:12,1
DA:15,1
DA:25,1
LF:5
LH:5
BRF:0
BRH:0
end_of_record
TN:
SF:routes\index.js
FNF:0
FNH:0
DA:1,1
DA:2,1
DA:3,1
DA:4,1
DA:5,1
DA:7,1
DA:9,1
DA:11,1
DA:13,1
DA:18,1
DA:23,1
DA:29,1
DA:31,1
DA:33,1
DA:34,1
DA:36,1
DA:38,1
DA:40,1
LF:18
LH:18
BRF:0
BRH:0
end_of_record
