{"D:\\project\\Final-project2\\wismaloka\\server\\services\\app\\app.js": {"path":"D:\\project\\Final-project2\\wismaloka\\server\\services\\app\\app.js","statementMap":{"0":{"start":{"line":1,"column":0},"end":{"line":3,"column":1}},"1":{"start":{"line":2,"column":2},"end":{"line":2,"column":29}},"2":{"start":{"line":4,"column":16},"end":{"line":4,"column":34}},"3":{"start":{"line":5,"column":15},"end":{"line":5,"column":34}},"4":{"start":{"line":6,"column":21},"end":{"line":6,"column":58}},"5":{"start":{"line":7,"column":13},"end":{"line":7,"column":28}},"6":{"start":{"line":8,"column":12},"end":{"line":8,"column":21}},"7":{"start":{"line":10,"column":0},"end":{"line":10,"column":16}},"8":{"start":{"line":11,"column":0},"end":{"line":11,"column":24}},"9":{"start":{"line":12,"column":0},"end":{"line":12,"column":48}},"10":{"start":{"line":13,"column":0},"end":{"line":13,"column":16}},"11":{"start":{"line":15,"column":0},"end":{"line":15,"column":22}},"12":{"start":{"line":19,"column":0},"end":{"line":19,"column":21}}},"fnMap":{},"branchMap":{"0":{"loc":{"start":{"line":1,"column":0},"end":{"line":3,"column":1}},"type":"if","locations":[{"start":{"line":1,"column":0},"end":{"line":3,"column":1}},{"start":{},"end":{}}],"line":1}},"s":{"0":1,"1":1,"2":1,"3":1,"4":1,"5":1,"6":1,"7":1,"8":1,"9":1,"10":1,"11":1,"12":1},"f":{},"b":{"0":[1,0]},"_coverageSchema":"1a1c01bbd47fc00a2c39e90264f33305004495a9","hash":"e5c66848f21759e96e55e7679f8f3d047d905101"}
,"D:\\project\\Final-project2\\wismaloka\\server\\services\\app\\controllers\\houseController.js": {"path":"D:\\project\\Final-project2\\wismaloka\\server\\services\\app\\controllers\\houseController.js","statementMap":{"0":{"start":{"line":1,"column":51},"end":{"line":1,"column":77}},"1":{"start":{"line":4,"column":4},"end":{"line":17,"column":5}},"2":{"start":{"line":5,"column":21},"end":{"line":7,"column":8}},"3":{"start":{"line":8,"column":6},"end":{"line":13,"column":7}},"4":{"start":{"line":9,"column":8},"end":{"line":12,"column":10}},"5":{"start":{"line":14,"column":6},"end":{"line":14,"column":35}},"6":{"start":{"line":16,"column":6},"end":{"line":16,"column":16}},"7":{"start":{"line":20,"column":4},"end":{"line":34,"column":5}},"8":{"start":{"line":21,"column":20},"end":{"line":24,"column":8}},"9":{"start":{"line":25,"column":6},"end":{"line":30,"column":7}},"10":{"start":{"line":26,"column":8},"end":{"line":29,"column":10}},"11":{"start":{"line":31,"column":6},"end":{"line":31,"column":34}},"12":{"start":{"line":33,"column":6},"end":{"line":33,"column":16}},"13":{"start":{"line":37,"column":14},"end":{"line":37,"column":43}},"14":{"start":{"line":38,"column":19},"end":{"line":38,"column":30}},"15":{"start":{"line":39,"column":90},"end":{"line":39,"column":98}},"16":{"start":{"line":40,"column":4},"end":{"line":66,"column":5}},"17":{"start":{"line":41,"column":20},"end":{"line":52,"column":7}},"18":{"start":{"line":54,"column":19},"end":{"line":54,"column":35}},"19":{"start":{"line":56,"column":6},"end":{"line":56,"column":40}},"20":{"start":{"line":57,"column":6},"end":{"line":57,"column":50}},"21":{"start":{"line":57,"column":26},"end":{"line":57,"column":47}},"22":{"start":{"line":58,"column":6},"end":{"line":58,"column":69}},"23":{"start":{"line":59,"column":6},"end":{"line":59,"column":57}},"24":{"start":{"line":60,"column":6},"end":{"line":60,"column":23}},"25":{"start":{"line":61,"column":6},"end":{"line":61,"column":34}},"26":{"start":{"line":63,"column":6},"end":{"line":63,"column":23}},"27":{"start":{"line":64,"column":6},"end":{"line":64,"column":25}},"28":{"start":{"line":65,"column":6},"end":{"line":65,"column":16}},"29":{"start":{"line":69,"column":14},"end":{"line":69,"column":43}},"30":{"start":{"line":71,"column":6},"end":{"line":71,"column":14}},"31":{"start":{"line":72,"column":4},"end":{"line":116,"column":5}},"32":{"start":{"line":75,"column":26},"end":{"line":85,"column":7}},"33":{"start":{"line":86,"column":24},"end":{"line":90,"column":8}},"34":{"start":{"line":92,"column":6},"end":{"line":97,"column":7}},"35":{"start":{"line":93,"column":8},"end":{"line":96,"column":10}},"36":{"start":{"line":98,"column":19},"end":{"line":98,"column":35}},"37":{"start":{"line":99,"column":6},"end":{"line":99,"column":45}},"38":{"start":{"line":101,"column":6},"end":{"line":101,"column":56}},"39":{"start":{"line":101,"column":26},"end":{"line":101,"column":53}},"40":{"start":{"line":102,"column":6},"end":{"line":102,"column":89}},"41":{"start":{"line":103,"column":6},"end":{"line":103,"column":81}},"42":{"start":{"line":104,"column":6},"end":{"line":104,"column":69}},"43":{"start":{"line":105,"column":6},"end":{"line":105,"column":57}},"44":{"start":{"line":106,"column":6},"end":{"line":106,"column":23}},"45":{"start":{"line":109,"column":6},"end":{"line":112,"column":9}},"46":{"start":{"line":114,"column":6},"end":{"line":114,"column":25}},"47":{"start":{"line":115,"column":6},"end":{"line":115,"column":16}},"48":{"start":{"line":119,"column":19},"end":{"line":119,"column":29}},"49":{"start":{"line":120,"column":4},"end":{"line":132,"column":5}},"50":{"start":{"line":121,"column":20},"end":{"line":121,"column":44}},"51":{"start":{"line":122,"column":6},"end":{"line":127,"column":7}},"52":{"start":{"line":123,"column":8},"end":{"line":126,"column":10}},"53":{"start":{"line":128,"column":6},"end":{"line":128,"column":45}},"54":{"start":{"line":129,"column":6},"end":{"line":129,"column":57}},"55":{"start":{"line":131,"column":6},"end":{"line":131,"column":16}},"56":{"start":{"line":135,"column":0},"end":{"line":135,"column":33}}},"fnMap":{"0":{"name":"(anonymous_0)","decl":{"start":{"line":3,"column":2},"end":{"line":3,"column":3}},"loc":{"start":{"line":3,"column":44},"end":{"line":18,"column":3}},"line":3},"1":{"name":"(anonymous_1)","decl":{"start":{"line":19,"column":2},"end":{"line":19,"column":3}},"loc":{"start":{"line":19,"column":44},"end":{"line":35,"column":3}},"line":19},"2":{"name":"(anonymous_2)","decl":{"start":{"line":36,"column":2},"end":{"line":36,"column":3}},"loc":{"start":{"line":36,"column":43},"end":{"line":67,"column":3}},"line":36},"3":{"name":"(anonymous_3)","decl":{"start":{"line":57,"column":17},"end":{"line":57,"column":18}},"loc":{"start":{"line":57,"column":26},"end":{"line":57,"column":47}},"line":57},"4":{"name":"(anonymous_4)","decl":{"start":{"line":68,"column":2},"end":{"line":68,"column":3}},"loc":{"start":{"line":68,"column":43},"end":{"line":117,"column":3}},"line":68},"5":{"name":"(anonymous_5)","decl":{"start":{"line":101,"column":17},"end":{"line":101,"column":18}},"loc":{"start":{"line":101,"column":26},"end":{"line":101,"column":53}},"line":101},"6":{"name":"(anonymous_6)","decl":{"start":{"line":118,"column":2},"end":{"line":118,"column":3}},"loc":{"start":{"line":118,"column":43},"end":{"line":133,"column":3}},"line":118}},"branchMap":{"0":{"loc":{"start":{"line":8,"column":6},"end":{"line":13,"column":7}},"type":"if","locations":[{"start":{"line":8,"column":6},"end":{"line":13,"column":7}},{"start":{},"end":{}}],"line":8},"1":{"loc":{"start":{"line":25,"column":6},"end":{"line":30,"column":7}},"type":"if","locations":[{"start":{"line":25,"column":6},"end":{"line":30,"column":7}},{"start":{},"end":{}}],"line":25},"2":{"loc":{"start":{"line":92,"column":6},"end":{"line":97,"column":7}},"type":"if","locations":[{"start":{"line":92,"column":6},"end":{"line":97,"column":7}},{"start":{},"end":{}}],"line":92},"3":{"loc":{"start":{"line":122,"column":6},"end":{"line":127,"column":7}},"type":"if","locations":[{"start":{"line":122,"column":6},"end":{"line":127,"column":7}},{"start":{},"end":{}}],"line":122}},"s":{"0":1,"1":2,"2":2,"3":2,"4":1,"5":1,"6":1,"7":2,"8":2,"9":2,"10":1,"11":1,"12":1,"13":10,"14":10,"15":10,"16":10,"17":10,"18":4,"19":4,"20":4,"21":4,"22":4,"23":4,"24":4,"25":4,"26":6,"27":6,"28":6,"29":3,"30":3,"31":3,"32":3,"33":3,"34":3,"35":1,"36":2,"37":2,"38":1,"39":1,"40":1,"41":1,"42":1,"43":1,"44":1,"45":1,"46":2,"47":2,"48":5,"49":5,"50":5,"51":5,"52":1,"53":4,"54":4,"55":1,"56":1},"f":{"0":2,"1":2,"2":10,"3":4,"4":3,"5":1,"6":5},"b":{"0":[1,1],"1":[1,1],"2":[1,2],"3":[1,4]},"_coverageSchema":"1a1c01bbd47fc00a2c39e90264f33305004495a9","hash":"5fb2faab7a3633de659cd561b6fd49b681660640"}
,"D:\\project\\Final-project2\\wismaloka\\server\\services\\app\\controllers\\specController.js": {"path":"D:\\project\\Final-project2\\wismaloka\\server\\services\\app\\controllers\\specController.js","statementMap":{"0":{"start":{"line":1,"column":26},"end":{"line":1,"column":52}},"1":{"start":{"line":5,"column":4},"end":{"line":17,"column":5}},"2":{"start":{"line":6,"column":20},"end":{"line":6,"column":49}},"3":{"start":{"line":7,"column":6},"end":{"line":12,"column":7}},"4":{"start":{"line":8,"column":8},"end":{"line":11,"column":10}},"5":{"start":{"line":13,"column":6},"end":{"line":13,"column":34}},"6":{"start":{"line":16,"column":6},"end":{"line":16,"column":16}},"7":{"start":{"line":20,"column":0},"end":{"line":20,"column":32}}},"fnMap":{"0":{"name":"(anonymous_0)","decl":{"start":{"line":4,"column":2},"end":{"line":4,"column":3}},"loc":{"start":{"line":4,"column":43},"end":{"line":18,"column":3}},"line":4}},"branchMap":{"0":{"loc":{"start":{"line":7,"column":6},"end":{"line":12,"column":7}},"type":"if","locations":[{"start":{"line":7,"column":6},"end":{"line":12,"column":7}},{"start":{},"end":{}}],"line":7}},"s":{"0":1,"1":2,"2":2,"3":2,"4":1,"5":1,"6":1,"7":1},"f":{"0":2},"b":{"0":[1,1]},"_coverageSchema":"1a1c01bbd47fc00a2c39e90264f33305004495a9","hash":"65546b536f45f47ac9f9a76e463dd90a302b82e6"}
,"D:\\project\\Final-project2\\wismaloka\\server\\services\\app\\middlewares\\authorize.js": {"path":"D:\\project\\Final-project2\\wismaloka\\server\\services\\app\\middlewares\\authorize.js","statementMap":{"0":{"start":{"line":1,"column":18},"end":{"line":1,"column":44}},"1":{"start":{"line":3,"column":22},"end":{"line":22,"column":1}},"2":{"start":{"line":4,"column":2},"end":{"line":21,"column":3}},"3":{"start":{"line":5,"column":19},"end":{"line":5,"column":29}},"4":{"start":{"line":6,"column":21},"end":{"line":6,"column":45}},"5":{"start":{"line":8,"column":6},"end":{"line":17,"column":5}},"6":{"start":{"line":9,"column":8},"end":{"line":9,"column":15}},"7":{"start":{"line":11,"column":8},"end":{"line":15,"column":9}},"8":{"start":{"line":12,"column":10},"end":{"line":12,"column":17}},"9":{"start":{"line":14,"column":10},"end":{"line":14,"column":37}},"10":{"start":{"line":20,"column":4},"end":{"line":20,"column":16}},"11":{"start":{"line":24,"column":0},"end":{"line":24,"column":31}}},"fnMap":{"0":{"name":"(anonymous_0)","decl":{"start":{"line":3,"column":22},"end":{"line":3,"column":23}},"loc":{"start":{"line":3,"column":48},"end":{"line":22,"column":1}},"line":3}},"branchMap":{"0":{"loc":{"start":{"line":8,"column":6},"end":{"line":17,"column":5}},"type":"if","locations":[{"start":{"line":8,"column":6},"end":{"line":17,"column":5}},{"start":{"line":10,"column":13},"end":{"line":17,"column":5}}],"line":8},"1":{"loc":{"start":{"line":11,"column":8},"end":{"line":15,"column":9}},"type":"if","locations":[{"start":{"line":11,"column":8},"end":{"line":15,"column":9}},{"start":{"line":13,"column":15},"end":{"line":15,"column":9}}],"line":11}},"s":{"0":1,"1":1,"2":9,"3":9,"4":9,"5":9,"6":7,"7":2,"8":1,"9":1,"10":1,"11":1},"f":{"0":9},"b":{"0":[7,2],"1":[1,1]},"_coverageSchema":"1a1c01bbd47fc00a2c39e90264f33305004495a9","hash":"5d9004cdd0a515fe7d461c353451b59fab3f65f9"}
,"D:\\project\\Final-project2\\wismaloka\\server\\services\\app\\middlewares\\errorHandler.js": {"path":"D:\\project\\Final-project2\\wismaloka\\server\\services\\app\\middlewares\\errorHandler.js","statementMap":{"0":{"start":{"line":1,"column":21},"end":{"line":37,"column":1}},"1":{"start":{"line":2,"column":2},"end":{"line":2,"column":19}},"2":{"start":{"line":3,"column":2},"end":{"line":36,"column":3}},"3":{"start":{"line":6,"column":6},"end":{"line":6,"column":47}},"4":{"start":{"line":6,"column":35},"end":{"line":6,"column":45}},"5":{"start":{"line":7,"column":22},"end":{"line":7,"column":36}},"6":{"start":{"line":8,"column":6},"end":{"line":8,"column":40}},"7":{"start":{"line":9,"column":6},"end":{"line":9,"column":12}},"8":{"start":{"line":14,"column":6},"end":{"line":16,"column":9}},"9":{"start":{"line":17,"column":6},"end":{"line":17,"column":12}},"10":{"start":{"line":19,"column":6},"end":{"line":21,"column":9}},"11":{"start":{"line":22,"column":6},"end":{"line":22,"column":12}},"12":{"start":{"line":25,"column":6},"end":{"line":27,"column":9}},"13":{"start":{"line":28,"column":6},"end":{"line":28,"column":12}},"14":{"start":{"line":30,"column":8},"end":{"line":32,"column":11}},"15":{"start":{"line":33,"column":8},"end":{"line":33,"column":14}},"16":{"start":{"line":35,"column":6},"end":{"line":35,"column":65}},"17":{"start":{"line":39,"column":0},"end":{"line":39,"column":30}}},"fnMap":{"0":{"name":"(anonymous_0)","decl":{"start":{"line":1,"column":21},"end":{"line":1,"column":22}},"loc":{"start":{"line":1,"column":46},"end":{"line":37,"column":1}},"line":1},"1":{"name":"(anonymous_1)","decl":{"start":{"line":6,"column":27},"end":{"line":6,"column":28}},"loc":{"start":{"line":6,"column":35},"end":{"line":6,"column":45}},"line":6}},"branchMap":{"0":{"loc":{"start":{"line":3,"column":2},"end":{"line":36,"column":3}},"type":"switch","locations":[{"start":{"line":4,"column":4},"end":{"line":4,"column":36}},{"start":{"line":5,"column":4},"end":{"line":9,"column":12}},{"start":{"line":10,"column":4},"end":{"line":10,"column":29}},{"start":{"line":11,"column":4},"end":{"line":11,"column":29}},{"start":{"line":12,"column":4},"end":{"line":12,"column":24}},{"start":{"line":13,"column":4},"end":{"line":17,"column":12}},{"start":{"line":18,"column":4},"end":{"line":22,"column":12}},{"start":{"line":23,"column":4},"end":{"line":23,"column":21}},{"start":{"line":24,"column":4},"end":{"line":28,"column":12}},{"start":{"line":29,"column":6},"end":{"line":33,"column":14}},{"start":{"line":34,"column":4},"end":{"line":35,"column":65}}],"line":3}},"s":{"0":1,"1":18,"2":18,"3":6,"4":6,"5":6,"6":6,"7":6,"8":3,"9":3,"10":1,"11":1,"12":5,"13":5,"14":1,"15":1,"16":2,"17":1},"f":{"0":18,"1":6},"b":{"0":[6,6,3,3,3,3,1,5,5,1,2]},"_coverageSchema":"1a1c01bbd47fc00a2c39e90264f33305004495a9","hash":"89dcf0fe39942a4ee5b7fafc557c6a0df5bf65e8"}
,"D:\\project\\Final-project2\\wismaloka\\server\\services\\app\\middlewares\\multer.js": {"path":"D:\\project\\Final-project2\\wismaloka\\server\\services\\app\\middlewares\\multer.js","statementMap":{"0":{"start":{"line":1,"column":14},"end":{"line":1,"column":30}},"1":{"start":{"line":2,"column":17},"end":{"line":2,"column":37}},"2":{"start":{"line":6,"column":16},"end":{"line":6,"column":30}},"3":{"start":{"line":7,"column":4},"end":{"line":7,"column":52}},"4":{"start":{"line":8,"column":4},"end":{"line":8,"column":43}},"5":{"start":{"line":9,"column":16},"end":{"line":9,"column":55}},"6":{"start":{"line":10,"column":21},"end":{"line":10,"column":56}},"7":{"start":{"line":11,"column":4},"end":{"line":19,"column":7}},"8":{"start":{"line":23,"column":0},"end":{"line":23,"column":30}}},"fnMap":{"0":{"name":"imageKit","decl":{"start":{"line":4,"column":15},"end":{"line":4,"column":23}},"loc":{"start":{"line":4,"column":52},"end":{"line":21,"column":1}},"line":4}},"branchMap":{},"s":{"0":1,"1":1,"2":13,"3":13,"4":13,"5":13,"6":13,"7":13,"8":1},"f":{"0":13},"b":{},"_coverageSchema":"1a1c01bbd47fc00a2c39e90264f33305004495a9","hash":"2fc5ba4b9b1833a1e408d201068969720ec6a41c"}
,"D:\\project\\Final-project2\\wismaloka\\server\\services\\app\\middlewares\\uploadImages.js": {"path":"D:\\project\\Final-project2\\wismaloka\\server\\services\\app\\middlewares\\uploadImages.js","statementMap":{"0":{"start":{"line":1,"column":21},"end":{"line":1,"column":53}},"1":{"start":{"line":5,"column":2},"end":{"line":31,"column":3}},"2":{"start":{"line":7,"column":17},"end":{"line":7,"column":19}},"3":{"start":{"line":9,"column":4},"end":{"line":17,"column":5}},"4":{"start":{"line":9,"column":17},"end":{"line":9,"column":18}},"5":{"start":{"line":10,"column":37},"end":{"line":10,"column":49}},"6":{"start":{"line":11,"column":18},"end":{"line":11,"column":54}},"7":{"start":{"line":12,"column":17},"end":{"line":15,"column":7}},"8":{"start":{"line":16,"column":6},"end":{"line":16,"column":24}},"9":{"start":{"line":18,"column":4},"end":{"line":25,"column":5}},"10":{"start":{"line":20,"column":6},"end":{"line":20,"column":27}},"11":{"start":{"line":21,"column":6},"end":{"line":24,"column":7}},"12":{"start":{"line":26,"column":4},"end":{"line":26,"column":30}},"13":{"start":{"line":27,"column":4},"end":{"line":27,"column":11}},"14":{"start":{"line":29,"column":4},"end":{"line":29,"column":21}},"15":{"start":{"line":30,"column":4},"end":{"line":30,"column":14}},"16":{"start":{"line":34,"column":0},"end":{"line":34,"column":30}}},"fnMap":{"0":{"name":"uploadImages","decl":{"start":{"line":3,"column":15},"end":{"line":3,"column":27}},"loc":{"start":{"line":3,"column":44},"end":{"line":32,"column":1}},"line":3}},"branchMap":{"0":{"loc":{"start":{"line":18,"column":4},"end":{"line":25,"column":5}},"type":"if","locations":[{"start":{"line":18,"column":4},"end":{"line":25,"column":5}},{"start":{},"end":{}}],"line":18}},"s":{"0":1,"1":14,"2":14,"3":14,"4":14,"5":13,"6":13,"7":13,"8":13,"9":14,"10":1,"11":1,"12":13,"13":13,"14":1,"15":1,"16":1},"f":{"0":14},"b":{"0":[1,13]},"_coverageSchema":"1a1c01bbd47fc00a2c39e90264f33305004495a9","hash":"5e4daeec0a34028675a2b53d186029c5eaf8539d"}
,"D:\\project\\Final-project2\\wismaloka\\server\\services\\app\\models\\house.js": {"path":"D:\\project\\Final-project2\\wismaloka\\server\\services\\app\\models\\house.js","statementMap":{"0":{"start":{"line":2,"column":18},"end":{"line":2,"column":38}},"1":{"start":{"line":3,"column":0},"end":{"line":101,"column":2}},"2":{"start":{"line":11,"column":6},"end":{"line":11,"column":68}},"3":{"start":{"line":12,"column":6},"end":{"line":12,"column":61}},"4":{"start":{"line":15,"column":2},"end":{"line":99,"column":4}},"5":{"start":{"line":100,"column":2},"end":{"line":100,"column":15}}},"fnMap":{"0":{"name":"(anonymous_0)","decl":{"start":{"line":3,"column":17},"end":{"line":3,"column":18}},"loc":{"start":{"line":3,"column":43},"end":{"line":101,"column":1}},"line":3},"1":{"name":"(anonymous_1)","decl":{"start":{"line":10,"column":4},"end":{"line":10,"column":5}},"loc":{"start":{"line":10,"column":29},"end":{"line":13,"column":5}},"line":10}},"branchMap":{},"s":{"0":1,"1":1,"2":1,"3":1,"4":1,"5":1},"f":{"0":1,"1":1},"b":{},"_coverageSchema":"1a1c01bbd47fc00a2c39e90264f33305004495a9","hash":"d6e0b056fb46468866237c417ce3ab9abe03ec7e"}
,"D:\\project\\Final-project2\\wismaloka\\server\\services\\app\\models\\image.js": {"path":"D:\\project\\Final-project2\\wismaloka\\server\\services\\app\\models\\image.js","statementMap":{"0":{"start":{"line":2,"column":18},"end":{"line":2,"column":38}},"1":{"start":{"line":3,"column":0},"end":{"line":38,"column":2}},"2":{"start":{"line":11,"column":6},"end":{"line":11,"column":63}},"3":{"start":{"line":14,"column":2},"end":{"line":36,"column":4}},"4":{"start":{"line":37,"column":2},"end":{"line":37,"column":15}}},"fnMap":{"0":{"name":"(anonymous_0)","decl":{"start":{"line":3,"column":17},"end":{"line":3,"column":18}},"loc":{"start":{"line":3,"column":43},"end":{"line":38,"column":1}},"line":3},"1":{"name":"(anonymous_1)","decl":{"start":{"line":10,"column":4},"end":{"line":10,"column":5}},"loc":{"start":{"line":10,"column":29},"end":{"line":12,"column":5}},"line":10}},"branchMap":{},"s":{"0":1,"1":1,"2":1,"3":1,"4":1},"f":{"0":1,"1":1},"b":{},"_coverageSchema":"1a1c01bbd47fc00a2c39e90264f33305004495a9","hash":"d935cc0f29ac4457e6ac1b04855d243d9fa3bc88"}
,"D:\\project\\Final-project2\\wismaloka\\server\\services\\app\\models\\index.js": {"path":"D:\\project\\Final-project2\\wismaloka\\server\\services\\app\\models\\index.js","statementMap":{"0":{"start":{"line":3,"column":11},"end":{"line":3,"column":24}},"1":{"start":{"line":4,"column":13},"end":{"line":4,"column":28}},"2":{"start":{"line":5,"column":18},"end":{"line":5,"column":38}},"3":{"start":{"line":6,"column":17},"end":{"line":6,"column":42}},"4":{"start":{"line":7,"column":12},"end":{"line":7,"column":49}},"5":{"start":{"line":8,"column":15},"end":{"line":8,"column":65}},"6":{"start":{"line":9,"column":11},"end":{"line":9,"column":13}},"7":{"start":{"line":12,"column":0},"end":{"line":16,"column":1}},"8":{"start":{"line":13,"column":2},"end":{"line":13,"column":74}},"9":{"start":{"line":15,"column":2},"end":{"line":15,"column":87}},"10":{"start":{"line":18,"column":0},"end":{"line":26,"column":5}},"11":{"start":{"line":21,"column":4},"end":{"line":21,"column":90}},"12":{"start":{"line":24,"column":18},"end":{"line":24,"column":85}},"13":{"start":{"line":25,"column":4},"end":{"line":25,"column":27}},"14":{"start":{"line":28,"column":0},"end":{"line":32,"column":3}},"15":{"start":{"line":29,"column":2},"end":{"line":31,"column":3}},"16":{"start":{"line":30,"column":4},"end":{"line":30,"column":32}},"17":{"start":{"line":34,"column":0},"end":{"line":34,"column":25}},"18":{"start":{"line":35,"column":0},"end":{"line":35,"column":25}},"19":{"start":{"line":37,"column":0},"end":{"line":37,"column":20}}},"fnMap":{"0":{"name":"(anonymous_0)","decl":{"start":{"line":20,"column":10},"end":{"line":20,"column":11}},"loc":{"start":{"line":20,"column":18},"end":{"line":22,"column":3}},"line":20},"1":{"name":"(anonymous_1)","decl":{"start":{"line":23,"column":11},"end":{"line":23,"column":12}},"loc":{"start":{"line":23,"column":19},"end":{"line":26,"column":3}},"line":23},"2":{"name":"(anonymous_2)","decl":{"start":{"line":28,"column":24},"end":{"line":28,"column":25}},"loc":{"start":{"line":28,"column":37},"end":{"line":32,"column":1}},"line":28}},"branchMap":{"0":{"loc":{"start":{"line":7,"column":12},"end":{"line":7,"column":49}},"type":"binary-expr","locations":[{"start":{"line":7,"column":12},"end":{"line":7,"column":32}},{"start":{"line":7,"column":36},"end":{"line":7,"column":49}}],"line":7},"1":{"loc":{"start":{"line":12,"column":0},"end":{"line":16,"column":1}},"type":"if","locations":[{"start":{"line":12,"column":0},"end":{"line":16,"column":1}},{"start":{"line":14,"column":7},"end":{"line":16,"column":1}}],"line":12},"2":{"loc":{"start":{"line":21,"column":11},"end":{"line":21,"column":89}},"type":"binary-expr","locations":[{"start":{"line":21,"column":12},"end":{"line":21,"column":35}},{"start":{"line":21,"column":41},"end":{"line":21,"column":58}},{"start":{"line":21,"column":64},"end":{"line":21,"column":88}}],"line":21},"3":{"loc":{"start":{"line":29,"column":2},"end":{"line":31,"column":3}},"type":"if","locations":[{"start":{"line":29,"column":2},"end":{"line":31,"column":3}},{"start":{},"end":{}}],"line":29}},"s":{"0":1,"1":1,"2":1,"3":1,"4":1,"5":1,"6":1,"7":1,"8":0,"9":1,"10":1,"11":4,"12":3,"13":3,"14":1,"15":3,"16":3,"17":1,"18":1,"19":1},"f":{"0":4,"1":3,"2":3},"b":{"0":[1,0],"1":[0,1],"2":[4,4,3],"3":[3,0]},"_coverageSchema":"1a1c01bbd47fc00a2c39e90264f33305004495a9","hash":"d0570d31a346bfbba3cbe4fdd4e5fefbdc04f047"}
,"D:\\project\\Final-project2\\wismaloka\\server\\services\\app\\models\\spesification.js": {"path":"D:\\project\\Final-project2\\wismaloka\\server\\services\\app\\models\\spesification.js","statementMap":{"0":{"start":{"line":2,"column":18},"end":{"line":2,"column":38}},"1":{"start":{"line":3,"column":0},"end":{"line":88,"column":2}},"2":{"start":{"line":11,"column":6},"end":{"line":11,"column":71}},"3":{"start":{"line":14,"column":2},"end":{"line":86,"column":4}},"4":{"start":{"line":87,"column":2},"end":{"line":87,"column":23}}},"fnMap":{"0":{"name":"(anonymous_0)","decl":{"start":{"line":3,"column":17},"end":{"line":3,"column":18}},"loc":{"start":{"line":3,"column":43},"end":{"line":88,"column":1}},"line":3},"1":{"name":"(anonymous_1)","decl":{"start":{"line":10,"column":4},"end":{"line":10,"column":5}},"loc":{"start":{"line":10,"column":29},"end":{"line":12,"column":5}},"line":10}},"branchMap":{},"s":{"0":1,"1":1,"2":1,"3":1,"4":1},"f":{"0":1,"1":1},"b":{},"_coverageSchema":"1a1c01bbd47fc00a2c39e90264f33305004495a9","hash":"a4ed9f419c563e4159f1ef3228770e41d613525f"}
,"D:\\project\\Final-project2\\wismaloka\\server\\services\\app\\routes\\houseRoutes.js": {"path":"D:\\project\\Final-project2\\wismaloka\\server\\services\\app\\routes\\houseRoutes.js","statementMap":{"0":{"start":{"line":1,"column":20},"end":{"line":1,"column":47}},"1":{"start":{"line":2,"column":24},"end":{"line":2,"column":65}},"2":{"start":{"line":3,"column":15},"end":{"line":3,"column":32}},"3":{"start":{"line":4,"column":15},"end":{"line":4,"column":23}},"4":{"start":{"line":5,"column":21},"end":{"line":5,"column":59}},"5":{"start":{"line":6,"column":23},"end":{"line":6,"column":64}},"6":{"start":{"line":7,"column":22},"end":{"line":7,"column":57}},"7":{"start":{"line":9,"column":0},"end":{"line":9,"column":51}},"8":{"start":{"line":10,"column":0},"end":{"line":10,"column":107}},"9":{"start":{"line":11,"column":0},"end":{"line":11,"column":54}},"10":{"start":{"line":12,"column":0},"end":{"line":12,"column":122}},"11":{"start":{"line":13,"column":0},"end":{"line":13,"column":85}},"12":{"start":{"line":15,"column":0},"end":{"line":15,"column":29}}},"fnMap":{},"branchMap":{},"s":{"0":1,"1":1,"2":1,"3":1,"4":1,"5":1,"6":1,"7":1,"8":1,"9":1,"10":1,"11":1,"12":1},"f":{},"b":{},"_coverageSchema":"1a1c01bbd47fc00a2c39e90264f33305004495a9","hash":"2a5021cec6cd060befa229cd5449e22e657c1fbb"}
,"D:\\project\\Final-project2\\wismaloka\\server\\services\\app\\routes\\index.js": {"path":"D:\\project\\Final-project2\\wismaloka\\server\\services\\app\\routes\\index.js","statementMap":{"0":{"start":{"line":1,"column":15},"end":{"line":1,"column":42}},"1":{"start":{"line":2,"column":20},"end":{"line":2,"column":44}},"2":{"start":{"line":3,"column":19},"end":{"line":3,"column":42}},"3":{"start":{"line":5,"column":0},"end":{"line":5,"column":35}},"4":{"start":{"line":6,"column":0},"end":{"line":6,"column":33}},"5":{"start":{"line":8,"column":0},"end":{"line":8,"column":24}}},"fnMap":{},"branchMap":{},"s":{"0":1,"1":1,"2":1,"3":1,"4":1,"5":1},"f":{},"b":{},"_coverageSchema":"1a1c01bbd47fc00a2c39e90264f33305004495a9","hash":"117badde9e9929a2f099d3a3552e87bd4ab3be0c"}
,"D:\\project\\Final-project2\\wismaloka\\server\\services\\app\\routes\\specRoutes.js": {"path":"D:\\project\\Final-project2\\wismaloka\\server\\services\\app\\routes\\specRoutes.js","statementMap":{"0":{"start":{"line":1,"column":27},"end":{"line":1,"column":54}},"1":{"start":{"line":2,"column":23},"end":{"line":2,"column":63}},"2":{"start":{"line":4,"column":0},"end":{"line":4,"column":56}},"3":{"start":{"line":6,"column":0},"end":{"line":6,"column":36}}},"fnMap":{},"branchMap":{},"s":{"0":1,"1":1,"2":1,"3":1},"f":{},"b":{},"_coverageSchema":"1a1c01bbd47fc00a2c39e90264f33305004495a9","hash":"4032103a444ee5cb0e4df3d32eb89d40fa21bbae"}
}
