TN:
SF:app.js
FNF:0
FNH:0
DA:1,1
DA:2,1
DA:4,1
DA:5,1
DA:6,1
DA:7,1
DA:8,1
DA:10,1
DA:11,1
DA:12,1
DA:13,1
DA:15,1
DA:19,1
LF:13
LH:13
BRDA:1,0,0,1
BRDA:1,0,1,0
BRF:2
BRH:1
end_of_record
TN:
SF:controllers\houseController.js
FN:5,(anonymous_0)
FN:71,(anonymous_1)
FN:88,(anonymous_2)
FN:126,(anonymous_3)
FN:147,(anonymous_4)
FN:192,(anonymous_5)
FN:225,(anonymous_6)
FNF:7
FNH:7
FNDA:8,(anonymous_0)
FNDA:2,(anonymous_1)
FNDA:9,(anonymous_2)
FNDA:3,(anonymous_3)
FNDA:3,(anonymous_4)
FNDA:2,(anonymous_5)
FNDA:4,(anonymous_6)
DA:1,1
DA:2,1
DA:6,8
DA:8,8
DA:9,8
DA:22,8
DA:23,1
DA:28,8
DA:29,1
DA:34,8
DA:35,1
DA:40,8
DA:41,1
DA:46,8
DA:47,1
DA:52,8
DA:53,1
DA:58,8
DA:60,8
DA:61,1
DA:66,7
DA:68,1
DA:72,2
DA:73,2
DA:77,2
DA:78,1
DA:83,1
DA:85,1
DA:89,9
DA:90,9
DA:105,9
DA:107,9
DA:108,9
DA:122,3
DA:125,3
DA:126,3
DA:127,3
DA:139,3
DA:140,3
DA:141,3
DA:143,6
DA:144,6
DA:148,3
DA:163,3
DA:164,3
DA:165,3
DA:177,3
DA:183,3
DA:184,1
DA:189,2
DA:191,2
DA:192,2
DA:193,2
DA:197,2
DA:201,2
DA:213,1
DA:214,1
DA:216,1
DA:221,2
DA:222,2
DA:226,4
DA:227,4
DA:228,4
DA:229,4
DA:230,1
DA:235,3
DA:236,3
DA:238,1
DA:242,1
LF:69
LH:69
BRDA:22,0,0,1
BRDA:22,0,1,7
BRDA:28,1,0,1
BRDA:28,1,1,7
BRDA:34,2,0,1
BRDA:34,2,1,7
BRDA:40,3,0,1
BRDA:40,3,1,7
BRDA:46,4,0,1
BRDA:46,4,1,7
BRDA:52,5,0,1
BRDA:52,5,1,7
BRDA:60,6,0,1
BRDA:60,6,1,7
BRDA:77,7,0,1
BRDA:77,7,1,1
BRDA:183,8,0,1
BRDA:183,8,1,2
BRDA:229,9,0,1
BRDA:229,9,1,3
BRF:20
BRH:20
end_of_record
TN:
SF:controllers\specController.js
FN:4,(anonymous_0)
FNF:1
FNH:1
FNDA:2,(anonymous_0)
DA:1,1
DA:5,2
DA:6,2
DA:7,2
DA:8,1
DA:13,1
DA:16,1
DA:20,1
LF:8
LH:8
BRDA:7,0,0,1
BRDA:7,0,1,1
BRF:2
BRH:2
end_of_record
TN:
SF:middlewares\authorize.js
FN:3,(anonymous_0)
FNF:1
FNH:1
FNDA:8,(anonymous_0)
DA:1,1
DA:3,1
DA:4,8
DA:5,8
DA:6,8
DA:8,8
DA:9,6
DA:11,2
DA:12,1
DA:14,1
DA:18,1
DA:22,1
LF:12
LH:12
BRDA:8,0,0,6
BRDA:8,0,1,2
BRDA:11,1,0,1
BRDA:11,1,1,1
BRF:4
BRH:4
end_of_record
TN:
SF:middlewares\errorHandler.js
FN:1,(anonymous_0)
FN:5,(anonymous_1)
FNF:2
FNH:2
FNDA:16,(anonymous_0)
FNDA:12,(anonymous_1)
DA:1,1
DA:2,16
DA:5,12
DA:6,7
DA:7,7
DA:8,7
DA:13,1
DA:16,1
DA:18,1
DA:21,1
DA:24,5
DA:27,5
DA:29,1
DA:32,1
DA:34,1
DA:38,1
LF:16
LH:16
BRDA:2,0,0,7
BRDA:2,0,1,7
BRDA:2,0,2,1
BRDA:2,0,3,1
BRDA:2,0,4,1
BRDA:2,0,5,1
BRDA:2,0,6,1
BRDA:2,0,7,5
BRDA:2,0,8,5
BRDA:2,0,9,1
BRDA:2,0,10,1
BRF:11
BRH:11
end_of_record
TN:
SF:middlewares\multer.js
FN:4,imageKit
FNF:1
FNH:1
FNDA:12,imageKit
DA:1,1
DA:2,1
DA:6,12
DA:7,12
DA:8,12
DA:9,12
DA:10,12
DA:11,12
DA:23,1
LF:9
LH:9
BRF:0
BRH:0
end_of_record
TN:
SF:middlewares\uploadImages.js
FN:3,uploadImages
FNF:1
FNH:1
FNDA:13,uploadImages
DA:1,1
DA:4,13
DA:5,13
DA:7,13
DA:8,12
DA:9,12
DA:10,12
DA:14,12
DA:16,13
DA:17,1
DA:22,12
DA:23,12
DA:25,1
DA:29,1
LF:14
LH:14
BRDA:16,0,0,1
BRDA:16,0,1,12
BRF:2
BRH:2
end_of_record
TN:
SF:models\house.js
FN:3,(anonymous_0)
FN:10,(anonymous_1)
FNF:2
FNH:2
FNDA:1,(anonymous_0)
FNDA:1,(anonymous_1)
DA:2,1
DA:3,1
DA:11,1
DA:12,1
DA:15,1
DA:114,1
LF:6
LH:6
BRF:0
BRH:0
end_of_record
TN:
SF:models\image.js
FN:3,(anonymous_0)
FN:10,(anonymous_1)
FNF:2
FNH:2
FNDA:1,(anonymous_0)
FNDA:1,(anonymous_1)
DA:2,1
DA:3,1
DA:11,1
DA:14,1
DA:37,1
LF:5
LH:5
BRF:0
BRH:0
end_of_record
TN:
SF:models\index.js
FN:20,(anonymous_0)
FN:23,(anonymous_1)
FN:28,(anonymous_2)
FNF:3
FNH:3
FNDA:4,(anonymous_0)
FNDA:3,(anonymous_1)
FNDA:3,(anonymous_2)
DA:3,1
DA:4,1
DA:5,1
DA:6,1
DA:7,1
DA:8,1
DA:9,1
DA:12,1
DA:13,0
DA:15,1
DA:18,1
DA:21,4
DA:24,3
DA:25,3
DA:28,1
DA:29,3
DA:30,3
DA:34,1
DA:35,1
DA:37,1
LF:20
LH:19
BRDA:7,0,0,1
BRDA:7,0,1,0
BRDA:12,1,0,0
BRDA:12,1,1,1
BRDA:21,2,0,4
BRDA:21,2,1,4
BRDA:21,2,2,3
BRDA:29,3,0,3
BRDA:29,3,1,0
BRF:9
BRH:6
end_of_record
TN:
SF:models\spesification.js
FN:3,(anonymous_0)
FN:10,(anonymous_1)
FNF:2
FNH:2
FNDA:1,(anonymous_0)
FNDA:1,(anonymous_1)
DA:2,1
DA:3,1
DA:11,1
DA:14,1
DA:87,1
LF:5
LH:5
BRF:0
BRH:0
end_of_record
TN:
SF:routes\houseRoutes.js
FNF:0
FNH:0
DA:1,1
DA:2,1
DA:3,1
DA:4,1
DA:5,1
DA:6,1
DA:7,1
DA:9,1
DA:10,1
DA:17,1
DA:18,1
DA:26,1
DA:33,1
LF:13
LH:13
BRF:0
BRH:0
end_of_record
TN:
SF:routes\index.js
FNF:0
FNH:0
DA:1,1
DA:2,1
DA:3,1
DA:5,1
DA:6,1
DA:8,1
LF:6
LH:6
BRF:0
BRH:0
end_of_record
TN:
SF:routes\specRoutes.js
FNF:0
FNH:0
DA:1,1
DA:2,1
DA:4,1
DA:6,1
LF:4
LH:4
BRF:0
BRH:0
end_of_record
